TN:
SF:app.js
FN:73,(anonymous_0)
FNF:1
FNH:0
FNDA:0,(anonymous_0)
DA:1,5
DA:2,5
DA:3,5
DA:4,5
DA:5,5
DA:6,5
DA:7,5
DA:8,5
DA:9,5
DA:10,5
DA:12,5
DA:13,5
DA:14,5
DA:15,5
DA:17,5
DA:19,5
DA:21,5
DA:30,5
DA:31,5
DA:32,5
DA:33,5
DA:34,5
DA:37,5
DA:38,5
DA:39,5
DA:40,5
DA:43,5
DA:58,5
DA:61,5
DA:62,5
DA:63,5
DA:64,5
DA:65,5
DA:68,5
DA:69,5
DA:70,5
DA:73,5
DA:74,0
DA:77,5
LF:39
LH:38
BRDA:44,0,0,5
BRDA:44,0,1,0
BRF:2
BRH:1
end_of_record
TN:
SF:controllers\auth.controller.js
FN:6,(anonymous_0)
FN:59,(anonymous_1)
FN:88,(anonymous_2)
FN:92,(anonymous_3)
FN:96,(anonymous_4)
FNF:5
FNH:0
FNDA:0,(anonymous_0)
FNDA:0,(anonymous_1)
FNDA:0,(anonymous_2)
FNDA:0,(anonymous_3)
FNDA:0,(anonymous_4)
DA:1,5
DA:2,5
DA:6,5
DA:18,0
DA:20,0
DA:21,0
DA:27,0
DA:28,0
DA:29,0
DA:35,0
DA:37,0
DA:49,0
DA:51,0
DA:52,0
DA:54,0
DA:59,5
DA:60,0
DA:61,0
DA:63,0
DA:64,0
DA:70,0
DA:71,0
DA:72,0
DA:78,0
DA:80,0
DA:81,0
DA:83,0
DA:88,5
DA:89,0
DA:90,0
DA:92,5
DA:93,0
DA:96,5
DA:98,0
DA:103,5
LF:35
LH:8
BRDA:20,0,0,0
BRDA:20,0,1,0
BRDA:20,1,0,0
BRDA:20,1,1,0
BRDA:20,1,2,0
BRDA:20,1,3,0
BRDA:20,1,4,0
BRDA:20,1,5,0
BRDA:20,1,6,0
BRDA:28,2,0,0
BRDA:28,2,1,0
BRDA:51,3,0,0
BRDA:51,3,1,0
BRDA:63,4,0,0
BRDA:63,4,1,0
BRDA:71,5,0,0
BRDA:71,5,1,0
BRDA:80,6,0,0
BRDA:80,6,1,0
BRF:19
BRH:0
end_of_record
TN:
SF:controllers\product.controller.js
FN:3,(anonymous_0)
FN:19,(anonymous_1)
FN:34,(anonymous_2)
FN:41,(anonymous_3)
FN:51,(anonymous_4)
FN:66,(anonymous_5)
FN:90,(anonymous_6)
FN:101,(anonymous_7)
FN:114,(anonymous_8)
FNF:9
FNH:0
FNDA:0,(anonymous_0)
FNDA:0,(anonymous_1)
FNDA:0,(anonymous_2)
FNDA:0,(anonymous_3)
FNDA:0,(anonymous_4)
FNDA:0,(anonymous_5)
FNDA:0,(anonymous_6)
FNDA:0,(anonymous_7)
FNDA:0,(anonymous_8)
DA:1,6
DA:3,6
DA:4,0
DA:5,0
DA:7,0
DA:8,0
DA:19,6
DA:20,0
DA:21,0
DA:23,0
DA:24,0
DA:34,6
DA:35,0
DA:41,6
DA:42,0
DA:43,0
DA:45,0
DA:51,6
DA:52,0
DA:62,0
DA:63,0
DA:66,6
DA:67,0
DA:69,0
DA:83,0
DA:84,0
DA:87,0
DA:90,6
DA:91,0
DA:93,0
DA:94,0
DA:95,0
DA:98,0
DA:101,6
DA:102,0
DA:103,0
DA:105,0
DA:106,0
DA:108,0
DA:109,0
DA:111,0
DA:114,6
DA:115,0
DA:117,0
DA:118,0
DA:120,0
DA:121,0
DA:123,0
DA:126,6
LF:49
LH:11
BRDA:43,0,0,0
BRDA:43,0,1,0
BRDA:58,1,0,0
BRDA:58,1,1,0
BRDA:59,2,0,0
BRDA:59,2,1,0
BRDA:78,3,0,0
BRDA:78,3,1,0
BRDA:83,4,0,0
BRDA:83,4,1,0
BRDA:94,5,0,0
BRDA:94,5,1,0
BRDA:106,6,0,0
BRDA:106,6,1,0
BRDA:118,7,0,0
BRDA:118,7,1,0
BRF:16
BRH:0
end_of_record
TN:
SF:helpers\discount.js
FN:1,(anonymous_0)
FN:7,(anonymous_1)
FN:12,getDiscountAmount
FNF:3
FNH:3
FNDA:3,(anonymous_0)
FNDA:3,(anonymous_1)
FNDA:2,getDiscountAmount
DA:1,1
DA:2,3
DA:3,1
DA:4,2
DA:7,1
DA:8,3
DA:9,3
DA:13,2
DA:14,1
DA:17,1
LF:10
LH:10
BRDA:2,0,0,1
BRDA:2,0,1,2
BRDA:13,1,0,1
BRDA:13,1,1,1
BRF:4
BRH:4
end_of_record
TN:
SF:helpers\productFormat.js
FN:1,(anonymous_0)
FNF:1
FNH:1
FNDA:4,(anonymous_0)
DA:1,4
DA:2,1
LF:2
LH:2
BRF:0
BRH:0
end_of_record
TN:
SF:middlewares\auth\isAdmin.js
FN:1,isAdmin
FNF:1
FNH:1
FNDA:3,isAdmin
DA:2,3
DA:3,1
DA:5,2
DA:7,6
LF:4
LH:4
BRDA:2,0,0,1
BRDA:2,0,1,2
BRDA:2,1,0,3
BRDA:2,1,1,2
BRF:4
BRH:4
end_of_record
TN:
SF:middlewares\auth\isAuthenticated.js
FN:1,isAuthenticated
FNF:1
FNH:1
FNDA:6,isAuthenticated
DA:2,6
DA:3,1
DA:7,5
DA:8,4
DA:12,1
DA:15,6
LF:6
LH:6
BRDA:2,0,0,1
BRDA:2,0,1,5
BRDA:7,1,0,4
BRDA:7,1,1,1
BRF:4
BRH:4
end_of_record
TN:
SF:middlewares\auth\isUser.js
FN:1,isUser
FNF:1
FNH:1
FNDA:3,isUser
DA:2,3
DA:3,1
DA:5,2
DA:7,6
LF:4
LH:4
BRDA:2,0,0,1
BRDA:2,0,1,2
BRDA:2,1,0,3
BRDA:2,1,1,2
BRF:4
BRH:4
end_of_record
TN:
SF:middlewares\security\RateLimiter.js
FNF:0
FNH:0
DA:2,1
DA:4,1
DA:10,1
LF:3
LH:3
BRF:0
BRH:0
end_of_record
TN:
SF:middlewares\security\checkPasswordStrength.js
FN:3,checkPasswordStrength
FNF:1
FNH:1
FNDA:2,checkPasswordStrength
DA:1,6
DA:4,2
DA:5,2
DA:6,2
DA:7,1
DA:11,1
DA:13,6
LF:7
LH:7
BRDA:6,0,0,1
BRDA:6,0,1,1
BRF:2
BRH:2
end_of_record
TN:
SF:middlewares\validators\signupValidator.js
FN:10,(anonymous_0)
FN:17,(anonymous_1)
FNF:2
FNH:2
FNDA:9,(anonymous_0)
FNDA:9,(anonymous_1)
DA:1,6
DA:3,6
DA:10,9
DA:18,9
DA:20,9
DA:22,8
DA:25,8
DA:26,8
DA:32,0
DA:38,1
DA:42,6
LF:11
LH:10
BRDA:20,0,0,8
BRDA:20,0,1,1
BRDA:22,1,0,8
BRDA:22,1,1,0
BRDA:25,2,0,8
BRDA:25,2,1,0
BRF:6
BRH:4
end_of_record
TN:
SF:middlewares\validators\validateLogin.js
FN:7,(anonymous_0)
FNF:1
FNH:1
FNDA:4,(anonymous_0)
DA:1,6
DA:3,6
DA:8,4
DA:9,4
DA:10,3
DA:15,1
DA:19,6
LF:7
LH:7
BRDA:9,0,0,3
BRDA:9,0,1,1
BRF:2
BRH:2
end_of_record
TN:
SF:middlewares\validators\validateProduct.js
FN:21,(anonymous_0)
FNF:1
FNH:1
FNDA:4,(anonymous_0)
DA:1,6
DA:3,6
DA:22,4
DA:23,4
DA:24,3
DA:26,3
DA:27,2
DA:33,1
DA:44,1
DA:48,6
LF:10
LH:10
BRDA:23,0,0,3
BRDA:23,0,1,1
BRDA:26,1,0,2
BRDA:26,1,1,1
BRF:4
BRH:4
end_of_record
TN:
SF:models\product.js
FNF:0
FNH:0
DA:1,6
DA:3,6
DA:34,6
LF:3
LH:3
BRF:0
BRH:0
end_of_record
TN:
SF:models\user.js
FNF:0
FNH:0
DA:1,5
DA:3,5
DA:45,5
LF:3
LH:3
BRF:0
BRH:0
end_of_record
TN:
SF:routes\admin.route.js
FNF:0
FNH:0
DA:1,5
DA:2,5
DA:3,5
DA:5,5
DA:6,5
DA:7,5
DA:12,5
DA:13,5
DA:14,5
DA:15,5
DA:16,5
DA:17,5
DA:18,5
DA:19,5
DA:21,5
LF:15
LH:15
BRF:0
BRH:0
end_of_record
TN:
SF:routes\auth.route.js
FN:27,(anonymous_0)
FN:31,(anonymous_1)
FNF:2
FNH:0
FNDA:0,(anonymous_0)
FNDA:0,(anonymous_1)
DA:1,5
DA:8,5
DA:10,5
DA:11,5
DA:12,5
DA:13,5
DA:14,5
DA:15,5
DA:19,5
DA:20,5
DA:21,5
DA:22,5
DA:23,5
DA:27,5
DA:28,0
DA:31,5
DA:32,0
DA:35,5
LF:18
LH:16
BRF:0
BRH:0
end_of_record
TN:
SF:routes\testSanitize.route.js
FN:4,(anonymous_0)
FNF:1
FNH:1
FNDA:2,(anonymous_0)
DA:1,5
DA:2,5
DA:4,5
DA:5,2
DA:8,5
LF:5
LH:5
BRF:0
BRH:0
end_of_record
TN:
SF:routes\testXSS.route.js
FN:4,(anonymous_0)
FNF:1
FNH:1
FNDA:2,(anonymous_0)
DA:1,5
DA:2,5
DA:4,5
DA:5,2
DA:8,5
LF:5
LH:5
BRF:0
BRH:0
end_of_record
TN:
SF:routes\user.route.js
FNF:0
FNH:0
DA:1,5
DA:2,5
DA:3,5
DA:4,5
DA:5,5
DA:7,5
DA:10,5
LF:7
LH:7
BRF:0
BRH:0
end_of_record
